<?xml version="1.0" encoding="UTF-8"?>
<!-- Generated by org.testng.reporters.JUnitReportReporter -->
<testsuite skipped="0" hostname="AHB-LAP" name="com.qsp.ohrm.test.ExtentDemo" tests="1" failures="0" timestamp="07 Oct 2018 12:12:33 GMT" time="4.501" errors="0">
  <testcase name="extentReportsDemo" time="4.501" classname="com.qsp.ohrm.test.ExtentDemo"/>
</testsuite> <!-- com.qsp.ohrm.test.ExtentDemo -->
