<?xml version="1.0" encoding="UTF-8"?>
<!-- Generated by org.testng.reporters.JUnitReportReporter -->
<testsuite skipped="0" hostname="AHB-LAP" name="com.qsp.ohrm.test.admintest.UserManagementTest" tests="3" failures="0" timestamp="30 Oct 2018 09:06:24 GMT" time="30.785" errors="0">
  <testcase name="AddUserTest" time="15.488" classname="com.qsp.ohrm.test.admintest.UserManagementTest"/>
  <testcase name="SearchUserTest" time="7.365" classname="com.qsp.ohrm.test.admintest.UserManagementTest"/>
  <testcase name="DeleteUserTest" time="7.932" classname="com.qsp.ohrm.test.admintest.UserManagementTest"/>
</testsuite> <!-- com.qsp.ohrm.test.admintest.UserManagementTest -->
